CRITICAL - 2023-08-12 13:00:14 --> Undefined property: App\Controllers\Home::$load
in APPPATH\Controllers\Home.php on line 16.
 1 APPPATH\Controllers\Home.php(16): CodeIgniter\Debug\Exceptions->errorHandler(2, 'Undefined property: App\\Controllers\\Home::$load', 'C:\\xampp\\htdocs\\Mariana\\CI\\app\\Controllers\\Home.php', 16)
 2 SYSTEMPATH\CodeIgniter.php(932): App\Controllers\Home->aula01()
 3 SYSTEMPATH\CodeIgniter.php(497): CodeIgniter\CodeIgniter->runController(Object(App\Controllers\Home))
 4 SYSTEMPATH\CodeIgniter.php(366): CodeIgniter\CodeIgniter->handleRequest(null, Object(Config\Cache), false)
 5 FCPATH\index.php(67): CodeIgniter\CodeIgniter->run()
CRITICAL - 2023-08-12 13:00:54 --> Undefined variable $dados
in APPPATH\Views\aula01.php on line 9.
 1 APPPATH\Views\aula01.php(9): CodeIgniter\Debug\Exceptions->errorHandler(2, 'Undefined variable $dados', 'C:\\xampp\\htdocs\\Mariana\\CI\\app\\Views\\aula01.php', 9)
 2 SYSTEMPATH\View\View.php(224): include('C:\\xampp\\htdocs\\Mariana\\CI\\app\\Views\\aula01.php')
 3 SYSTEMPATH\View\View.php(227): CodeIgniter\View\View->CodeIgniter\View\{closure}()
 4 SYSTEMPATH\Common.php(1176): CodeIgniter\View\View->render('aula01', [], true)
 5 APPPATH\Controllers\Home.php(15): view('aula01', [...])
 6 SYSTEMPATH\CodeIgniter.php(932): App\Controllers\Home->aula01()
 7 SYSTEMPATH\CodeIgniter.php(497): CodeIgniter\CodeIgniter->runController(Object(App\Controllers\Home))
 8 SYSTEMPATH\CodeIgniter.php(366): CodeIgniter\CodeIgniter->handleRequest(null, Object(Config\Cache), false)
 9 FCPATH\index.php(67): CodeIgniter\CodeIgniter->run()
CRITICAL - 2023-08-12 13:01:33 --> Undefined variable $dados
in APPPATH\Views\aula01.php on line 9.
 1 APPPATH\Views\aula01.php(9): CodeIgniter\Debug\Exceptions->errorHandler(2, 'Undefined variable $dados', 'C:\\xampp\\htdocs\\Mariana\\CI\\app\\Views\\aula01.php', 9)
 2 SYSTEMPATH\View\View.php(224): include('C:\\xampp\\htdocs\\Mariana\\CI\\app\\Views\\aula01.php')
 3 SYSTEMPATH\View\View.php(227): CodeIgniter\View\View->CodeIgniter\View\{closure}()
 4 SYSTEMPATH\Common.php(1176): CodeIgniter\View\View->render('aula01', [], true)
 5 APPPATH\Controllers\Home.php(15): view('aula01', [...])
 6 SYSTEMPATH\CodeIgniter.php(932): App\Controllers\Home->aula01()
 7 SYSTEMPATH\CodeIgniter.php(497): CodeIgniter\CodeIgniter->runController(Object(App\Controllers\Home))
 8 SYSTEMPATH\CodeIgniter.php(366): CodeIgniter\CodeIgniter->handleRequest(null, Object(Config\Cache), false)
 9 FCPATH\index.php(67): CodeIgniter\CodeIgniter->run()
CRITICAL - 2023-08-12 14:08:49 --> Undefined variable $dados
in APPPATH\Views\aula01.php on line 9.
 1 APPPATH\Views\aula01.php(9): CodeIgniter\Debug\Exceptions->errorHandler(2, 'Undefined variable $dados', 'C:\\xampp\\htdocs\\Mariana\\CI\\app\\Views\\aula01.php', 9)
 2 SYSTEMPATH\View\View.php(224): include('C:\\xampp\\htdocs\\Mariana\\CI\\app\\Views\\aula01.php')
 3 SYSTEMPATH\View\View.php(227): CodeIgniter\View\View->CodeIgniter\View\{closure}()
 4 SYSTEMPATH\Common.php(1176): CodeIgniter\View\View->render('aula01', [...], true)
 5 APPPATH\Controllers\Home.php(15): view('aula01', [...], [...])
 6 SYSTEMPATH\CodeIgniter.php(932): App\Controllers\Home->aula01()
 7 SYSTEMPATH\CodeIgniter.php(497): CodeIgniter\CodeIgniter->runController(Object(App\Controllers\Home))
 8 SYSTEMPATH\CodeIgniter.php(366): CodeIgniter\CodeIgniter->handleRequest(null, Object(Config\Cache), false)
 9 FCPATH\index.php(67): CodeIgniter\CodeIgniter->run()
CRITICAL - 2023-08-12 14:09:02 --> Undefined variable $dados
in APPPATH\Views\aula01.php on line 9.
 1 APPPATH\Views\aula01.php(9): CodeIgniter\Debug\Exceptions->errorHandler(2, 'Undefined variable $dados', 'C:\\xampp\\htdocs\\Mariana\\CI\\app\\Views\\aula01.php', 9)
 2 SYSTEMPATH\View\View.php(224): include('C:\\xampp\\htdocs\\Mariana\\CI\\app\\Views\\aula01.php')
 3 SYSTEMPATH\View\View.php(227): CodeIgniter\View\View->CodeIgniter\View\{closure}()
 4 SYSTEMPATH\Common.php(1176): CodeIgniter\View\View->render('aula01', [], true)
 5 APPPATH\Controllers\Home.php(15): view('aula01')
 6 SYSTEMPATH\CodeIgniter.php(932): App\Controllers\Home->aula01()
 7 SYSTEMPATH\CodeIgniter.php(497): CodeIgniter\CodeIgniter->runController(Object(App\Controllers\Home))
 8 SYSTEMPATH\CodeIgniter.php(366): CodeIgniter\CodeIgniter->handleRequest(null, Object(Config\Cache), false)
 9 FCPATH\index.php(67): CodeIgniter\CodeIgniter->run()
CRITICAL - 2023-08-12 14:09:58 --> Undefined variable $dados
in APPPATH\Views\aula01.php on line 9.
 1 APPPATH\Views\aula01.php(9): CodeIgniter\Debug\Exceptions->errorHandler(2, 'Undefined variable $dados', 'C:\\xampp\\htdocs\\Mariana\\CI\\app\\Views\\aula01.php', 9)
 2 SYSTEMPATH\View\View.php(224): include('C:\\xampp\\htdocs\\Mariana\\CI\\app\\Views\\aula01.php')
 3 SYSTEMPATH\View\View.php(227): CodeIgniter\View\View->CodeIgniter\View\{closure}()
 4 SYSTEMPATH\Common.php(1176): CodeIgniter\View\View->render('aula01', [], true)
 5 APPPATH\Controllers\Home.php(15): view('aula01')
 6 SYSTEMPATH\CodeIgniter.php(932): App\Controllers\Home->aula01()
 7 SYSTEMPATH\CodeIgniter.php(497): CodeIgniter\CodeIgniter->runController(Object(App\Controllers\Home))
 8 SYSTEMPATH\CodeIgniter.php(366): CodeIgniter\CodeIgniter->handleRequest(null, Object(Config\Cache), false)
 9 FCPATH\index.php(67): CodeIgniter\CodeIgniter->run()
CRITICAL - 2023-08-12 14:10:27 --> Undefined variable $dados
in APPPATH\Views\aula01.php on line 9.
 1 APPPATH\Views\aula01.php(9): CodeIgniter\Debug\Exceptions->errorHandler(2, 'Undefined variable $dados', 'C:\\xampp\\htdocs\\Mariana\\CI\\app\\Views\\aula01.php', 9)
 2 SYSTEMPATH\View\View.php(224): include('C:\\xampp\\htdocs\\Mariana\\CI\\app\\Views\\aula01.php')
 3 SYSTEMPATH\View\View.php(227): CodeIgniter\View\View->CodeIgniter\View\{closure}()
 4 SYSTEMPATH\Common.php(1176): CodeIgniter\View\View->render('aula01', [], true)
 5 APPPATH\Controllers\Home.php(14): view('aula01')
 6 SYSTEMPATH\CodeIgniter.php(932): App\Controllers\Home->aula01()
 7 SYSTEMPATH\CodeIgniter.php(497): CodeIgniter\CodeIgniter->runController(Object(App\Controllers\Home))
 8 SYSTEMPATH\CodeIgniter.php(366): CodeIgniter\CodeIgniter->handleRequest(null, Object(Config\Cache), false)
 9 FCPATH\index.php(67): CodeIgniter\CodeIgniter->run()
CRITICAL - 2023-08-12 14:11:26 --> Undefined variable $dados
in APPPATH\Views\aula01.php on line 9.
 1 APPPATH\Views\aula01.php(9): CodeIgniter\Debug\Exceptions->errorHandler(2, 'Undefined variable $dados', 'C:\\xampp\\htdocs\\Mariana\\CI\\app\\Views\\aula01.php', 9)
 2 SYSTEMPATH\View\View.php(224): include('C:\\xampp\\htdocs\\Mariana\\CI\\app\\Views\\aula01.php')
 3 SYSTEMPATH\View\View.php(227): CodeIgniter\View\View->CodeIgniter\View\{closure}()
 4 SYSTEMPATH\Common.php(1176): CodeIgniter\View\View->render('aula01', [], true)
 5 APPPATH\Controllers\Home.php(14): view('aula01')
 6 SYSTEMPATH\CodeIgniter.php(932): App\Controllers\Home->aula01()
 7 SYSTEMPATH\CodeIgniter.php(497): CodeIgniter\CodeIgniter->runController(Object(App\Controllers\Home))
 8 SYSTEMPATH\CodeIgniter.php(366): CodeIgniter\CodeIgniter->handleRequest(null, Object(Config\Cache), false)
 9 FCPATH\index.php(67): CodeIgniter\CodeIgniter->run()
CRITICAL - 2023-08-12 14:11:41 --> Undefined variable $dados
in APPPATH\Views\aula01.php on line 9.
 1 APPPATH\Views\aula01.php(9): CodeIgniter\Debug\Exceptions->errorHandler(2, 'Undefined variable $dados', 'C:\\xampp\\htdocs\\Mariana\\CI\\app\\Views\\aula01.php', 9)
 2 SYSTEMPATH\View\View.php(224): include('C:\\xampp\\htdocs\\Mariana\\CI\\app\\Views\\aula01.php')
 3 SYSTEMPATH\View\View.php(227): CodeIgniter\View\View->CodeIgniter\View\{closure}()
 4 SYSTEMPATH\Common.php(1176): CodeIgniter\View\View->render('aula01', [], true)
 5 APPPATH\Controllers\Home.php(14): view('aula01')
 6 SYSTEMPATH\CodeIgniter.php(932): App\Controllers\Home->aula01()
 7 SYSTEMPATH\CodeIgniter.php(497): CodeIgniter\CodeIgniter->runController(Object(App\Controllers\Home))
 8 SYSTEMPATH\CodeIgniter.php(366): CodeIgniter\CodeIgniter->handleRequest(null, Object(Config\Cache), false)
 9 FCPATH\index.php(67): CodeIgniter\CodeIgniter->run()
CRITICAL - 2023-08-12 15:10:17 --> Undefined variable $compras
in APPPATH\Views\aula01.php on line 2.
 1 APPPATH\Views\aula01.php(2): CodeIgniter\Debug\Exceptions->errorHandler(2, 'Undefined variable $compras', 'C:\\xampp\\htdocs\\Mariana\\CI\\app\\Views\\aula01.php', 2)
 2 SYSTEMPATH\View\View.php(224): include('C:\\xampp\\htdocs\\Mariana\\CI\\app\\Views\\aula01.php')
 3 SYSTEMPATH\View\View.php(227): CodeIgniter\View\View->CodeIgniter\View\{closure}()
 4 SYSTEMPATH\Common.php(1176): CodeIgniter\View\View->render('aula01', [...], true)
 5 APPPATH\Controllers\Home.php(24): view('aula01', [...], [...])
 6 SYSTEMPATH\CodeIgniter.php(932): App\Controllers\Home->aula01()
 7 SYSTEMPATH\CodeIgniter.php(497): CodeIgniter\CodeIgniter->runController(Object(App\Controllers\Home))
 8 SYSTEMPATH\CodeIgniter.php(366): CodeIgniter\CodeIgniter->handleRequest(null, Object(Config\Cache), false)
 9 FCPATH\index.php(67): CodeIgniter\CodeIgniter->run()
CRITICAL - 2023-08-12 15:10:50 --> Undefined variable $tasks
in APPPATH\Views\aula01.php on line 97.
 1 APPPATH\Views\aula01.php(97): CodeIgniter\Debug\Exceptions->errorHandler(2, 'Undefined variable $tasks', 'C:\\xampp\\htdocs\\Mariana\\CI\\app\\Views\\aula01.php', 97)
 2 SYSTEMPATH\View\View.php(224): include('C:\\xampp\\htdocs\\Mariana\\CI\\app\\Views\\aula01.php')
 3 SYSTEMPATH\View\View.php(227): CodeIgniter\View\View->CodeIgniter\View\{closure}()
 4 SYSTEMPATH\Common.php(1176): CodeIgniter\View\View->render('aula01', [...], true)
 5 APPPATH\Controllers\Home.php(24): view('aula01', [...], [...])
 6 SYSTEMPATH\CodeIgniter.php(932): App\Controllers\Home->aula01()
 7 SYSTEMPATH\CodeIgniter.php(497): CodeIgniter\CodeIgniter->runController(Object(App\Controllers\Home))
 8 SYSTEMPATH\CodeIgniter.php(366): CodeIgniter\CodeIgniter->handleRequest(null, Object(Config\Cache), false)
 9 FCPATH\index.php(67): CodeIgniter\CodeIgniter->run()
CRITICAL - 2023-08-12 15:11:26 --> Undefined variable $tasks
in APPPATH\Views\aula01.php on line 97.
 1 APPPATH\Views\aula01.php(97): CodeIgniter\Debug\Exceptions->errorHandler(2, 'Undefined variable $tasks', 'C:\\xampp\\htdocs\\Mariana\\CI\\app\\Views\\aula01.php', 97)
 2 SYSTEMPATH\View\View.php(224): include('C:\\xampp\\htdocs\\Mariana\\CI\\app\\Views\\aula01.php')
 3 SYSTEMPATH\View\View.php(227): CodeIgniter\View\View->CodeIgniter\View\{closure}()
 4 SYSTEMPATH\Common.php(1176): CodeIgniter\View\View->render('aula01', [...], true)
 5 APPPATH\Controllers\Home.php(24): view('aula01', [...], [...])
 6 SYSTEMPATH\CodeIgniter.php(932): App\Controllers\Home->aula01()
 7 SYSTEMPATH\CodeIgniter.php(497): CodeIgniter\CodeIgniter->runController(Object(App\Controllers\Home))
 8 SYSTEMPATH\CodeIgniter.php(366): CodeIgniter\CodeIgniter->handleRequest(null, Object(Config\Cache), false)
 9 FCPATH\index.php(67): CodeIgniter\CodeIgniter->run()
CRITICAL - 2023-08-12 15:12:20 --> Undefined variable $tasks
in APPPATH\Views\aula01.php on line 97.
 1 APPPATH\Views\aula01.php(97): CodeIgniter\Debug\Exceptions->errorHandler(2, 'Undefined variable $tasks', 'C:\\xampp\\htdocs\\Mariana\\CI\\app\\Views\\aula01.php', 97)
 2 SYSTEMPATH\View\View.php(224): include('C:\\xampp\\htdocs\\Mariana\\CI\\app\\Views\\aula01.php')
 3 SYSTEMPATH\View\View.php(227): CodeIgniter\View\View->CodeIgniter\View\{closure}()
 4 SYSTEMPATH\Common.php(1176): CodeIgniter\View\View->render('aula01', [...], true)
 5 APPPATH\Controllers\Home.php(24): view('aula01', [...], [...])
 6 SYSTEMPATH\CodeIgniter.php(932): App\Controllers\Home->aula01()
 7 SYSTEMPATH\CodeIgniter.php(497): CodeIgniter\CodeIgniter->runController(Object(App\Controllers\Home))
 8 SYSTEMPATH\CodeIgniter.php(366): CodeIgniter\CodeIgniter->handleRequest(null, Object(Config\Cache), false)
 9 FCPATH\index.php(67): CodeIgniter\CodeIgniter->run()
CRITICAL - 2023-08-12 15:15:02 --> Undefined variable $compras
in APPPATH\Views\aula01.php on line 2.
 1 APPPATH\Views\aula01.php(2): CodeIgniter\Debug\Exceptions->errorHandler(2, 'Undefined variable $compras', 'C:\\xampp\\htdocs\\Mariana\\CI\\app\\Views\\aula01.php', 2)
 2 SYSTEMPATH\View\View.php(224): include('C:\\xampp\\htdocs\\Mariana\\CI\\app\\Views\\aula01.php')
 3 SYSTEMPATH\View\View.php(227): CodeIgniter\View\View->CodeIgniter\View\{closure}()
 4 SYSTEMPATH\Common.php(1176): CodeIgniter\View\View->render('aula01', [...], true)
 5 APPPATH\Controllers\Home.php(24): view('aula01', [...], [...])
 6 SYSTEMPATH\CodeIgniter.php(932): App\Controllers\Home->aula01()
 7 SYSTEMPATH\CodeIgniter.php(497): CodeIgniter\CodeIgniter->runController(Object(App\Controllers\Home))
 8 SYSTEMPATH\CodeIgniter.php(366): CodeIgniter\CodeIgniter->handleRequest(null, Object(Config\Cache), false)
 9 FCPATH\index.php(67): CodeIgniter\CodeIgniter->run()
CRITICAL - 2023-08-12 15:15:20 --> Undefined variable $tasks
in APPPATH\Views\aula01.php on line 97.
 1 APPPATH\Views\aula01.php(97): CodeIgniter\Debug\Exceptions->errorHandler(2, 'Undefined variable $tasks', 'C:\\xampp\\htdocs\\Mariana\\CI\\app\\Views\\aula01.php', 97)
 2 SYSTEMPATH\View\View.php(224): include('C:\\xampp\\htdocs\\Mariana\\CI\\app\\Views\\aula01.php')
 3 SYSTEMPATH\View\View.php(227): CodeIgniter\View\View->CodeIgniter\View\{closure}()
 4 SYSTEMPATH\Common.php(1176): CodeIgniter\View\View->render('aula01', [...], true)
 5 APPPATH\Controllers\Home.php(24): view('aula01', [...], [...])
 6 SYSTEMPATH\CodeIgniter.php(932): App\Controllers\Home->aula01()
 7 SYSTEMPATH\CodeIgniter.php(497): CodeIgniter\CodeIgniter->runController(Object(App\Controllers\Home))
 8 SYSTEMPATH\CodeIgniter.php(366): CodeIgniter\CodeIgniter->handleRequest(null, Object(Config\Cache), false)
 9 FCPATH\index.php(67): CodeIgniter\CodeIgniter->run()
CRITICAL - 2023-08-12 15:15:59 --> Undefined variable $tasks
in APPPATH\Views\aula01.php on line 97.
 1 APPPATH\Views\aula01.php(97): CodeIgniter\Debug\Exceptions->errorHandler(2, 'Undefined variable $tasks', 'C:\\xampp\\htdocs\\Mariana\\CI\\app\\Views\\aula01.php', 97)
 2 SYSTEMPATH\View\View.php(224): include('C:\\xampp\\htdocs\\Mariana\\CI\\app\\Views\\aula01.php')
 3 SYSTEMPATH\View\View.php(227): CodeIgniter\View\View->CodeIgniter\View\{closure}()
 4 SYSTEMPATH\Common.php(1176): CodeIgniter\View\View->render('aula01', [...], true)
 5 APPPATH\Controllers\Home.php(24): view('aula01', [...], [...])
 6 SYSTEMPATH\CodeIgniter.php(932): App\Controllers\Home->aula01()
 7 SYSTEMPATH\CodeIgniter.php(497): CodeIgniter\CodeIgniter->runController(Object(App\Controllers\Home))
 8 SYSTEMPATH\CodeIgniter.php(366): CodeIgniter\CodeIgniter->handleRequest(null, Object(Config\Cache), false)
 9 FCPATH\index.php(67): CodeIgniter\CodeIgniter->run()
CRITICAL - 2023-08-12 15:17:26 --> Undefined variable $compras
in APPPATH\Views\aula01.php on line 2.
 1 APPPATH\Views\aula01.php(2): CodeIgniter\Debug\Exceptions->errorHandler(2, 'Undefined variable $compras', 'C:\\xampp\\htdocs\\Mariana\\CI\\app\\Views\\aula01.php', 2)
 2 SYSTEMPATH\View\View.php(224): include('C:\\xampp\\htdocs\\Mariana\\CI\\app\\Views\\aula01.php')
 3 SYSTEMPATH\View\View.php(227): CodeIgniter\View\View->CodeIgniter\View\{closure}()
 4 SYSTEMPATH\Common.php(1176): CodeIgniter\View\View->render('aula01', [...], true)
 5 APPPATH\Controllers\Home.php(24): view('aula01', [...], [...])
 6 SYSTEMPATH\CodeIgniter.php(932): App\Controllers\Home->aula01()
 7 SYSTEMPATH\CodeIgniter.php(497): CodeIgniter\CodeIgniter->runController(Object(App\Controllers\Home))
 8 SYSTEMPATH\CodeIgniter.php(366): CodeIgniter\CodeIgniter->handleRequest(null, Object(Config\Cache), false)
 9 FCPATH\index.php(67): CodeIgniter\CodeIgniter->run()
CRITICAL - 2023-08-12 15:18:12 --> Undefined variable $compras
in APPPATH\Views\aula01.php on line 2.
 1 APPPATH\Views\aula01.php(2): CodeIgniter\Debug\Exceptions->errorHandler(2, 'Undefined variable $compras', 'C:\\xampp\\htdocs\\Mariana\\CI\\app\\Views\\aula01.php', 2)
 2 SYSTEMPATH\View\View.php(224): include('C:\\xampp\\htdocs\\Mariana\\CI\\app\\Views\\aula01.php')
 3 SYSTEMPATH\View\View.php(227): CodeIgniter\View\View->CodeIgniter\View\{closure}()
 4 SYSTEMPATH\Common.php(1176): CodeIgniter\View\View->render('aula01', [...], true)
 5 APPPATH\Controllers\Home.php(24): view('aula01', [...], [...])
 6 SYSTEMPATH\CodeIgniter.php(932): App\Controllers\Home->aula01()
 7 SYSTEMPATH\CodeIgniter.php(497): CodeIgniter\CodeIgniter->runController(Object(App\Controllers\Home))
 8 SYSTEMPATH\CodeIgniter.php(366): CodeIgniter\CodeIgniter->handleRequest(null, Object(Config\Cache), false)
 9 FCPATH\index.php(67): CodeIgniter\CodeIgniter->run()
CRITICAL - 2023-08-12 15:22:06 --> Undefined variable $compras
in APPPATH\Views\aula01.php on line 87.
 1 APPPATH\Views\aula01.php(87): CodeIgniter\Debug\Exceptions->errorHandler(2, 'Undefined variable $compras', 'C:\\xampp\\htdocs\\Mariana\\CI\\app\\Views\\aula01.php', 87)
 2 SYSTEMPATH\View\View.php(224): include('C:\\xampp\\htdocs\\Mariana\\CI\\app\\Views\\aula01.php')
 3 SYSTEMPATH\View\View.php(227): CodeIgniter\View\View->CodeIgniter\View\{closure}()
 4 SYSTEMPATH\Common.php(1176): CodeIgniter\View\View->render('aula01', [...], true)
 5 APPPATH\Controllers\Home.php(24): view('aula01', [...], [...])
 6 SYSTEMPATH\CodeIgniter.php(932): App\Controllers\Home->aula01()
 7 SYSTEMPATH\CodeIgniter.php(497): CodeIgniter\CodeIgniter->runController(Object(App\Controllers\Home))
 8 SYSTEMPATH\CodeIgniter.php(366): CodeIgniter\CodeIgniter->handleRequest(null, Object(Config\Cache), false)
 9 FCPATH\index.php(67): CodeIgniter\CodeIgniter->run()
CRITICAL - 2023-08-12 15:22:50 --> Undefined variable $compras
in APPPATH\Views\aula01.php on line 87.
 1 APPPATH\Views\aula01.php(87): CodeIgniter\Debug\Exceptions->errorHandler(2, 'Undefined variable $compras', 'C:\\xampp\\htdocs\\Mariana\\CI\\app\\Views\\aula01.php', 87)
 2 SYSTEMPATH\View\View.php(224): include('C:\\xampp\\htdocs\\Mariana\\CI\\app\\Views\\aula01.php')
 3 SYSTEMPATH\View\View.php(227): CodeIgniter\View\View->CodeIgniter\View\{closure}()
 4 SYSTEMPATH\Common.php(1176): CodeIgniter\View\View->render('aula01', [...], true)
 5 APPPATH\Controllers\Home.php(24): view('aula01', [...], [...])
 6 SYSTEMPATH\CodeIgniter.php(932): App\Controllers\Home->aula01()
 7 SYSTEMPATH\CodeIgniter.php(497): CodeIgniter\CodeIgniter->runController(Object(App\Controllers\Home))
 8 SYSTEMPATH\CodeIgniter.php(366): CodeIgniter\CodeIgniter->handleRequest(null, Object(Config\Cache), false)
 9 FCPATH\index.php(67): CodeIgniter\CodeIgniter->run()
CRITICAL - 2023-08-12 15:32:57 --> Undefined variable $teste
in APPPATH\Views\aula01.php on line 86.
 1 APPPATH\Views\aula01.php(86): CodeIgniter\Debug\Exceptions->errorHandler(2, 'Undefined variable $teste', 'C:\\xampp\\htdocs\\Mariana\\CI\\app\\Views\\aula01.php', 86)
 2 SYSTEMPATH\View\View.php(224): include('C:\\xampp\\htdocs\\Mariana\\CI\\app\\Views\\aula01.php')
 3 SYSTEMPATH\View\View.php(227): CodeIgniter\View\View->CodeIgniter\View\{closure}()
 4 SYSTEMPATH\Common.php(1176): CodeIgniter\View\View->render('aula01', [...], true)
 5 APPPATH\Controllers\Home.php(24): view('aula01', [...], [...])
 6 SYSTEMPATH\CodeIgniter.php(932): App\Controllers\Home->aula01()
 7 SYSTEMPATH\CodeIgniter.php(497): CodeIgniter\CodeIgniter->runController(Object(App\Controllers\Home))
 8 SYSTEMPATH\CodeIgniter.php(366): CodeIgniter\CodeIgniter->handleRequest(null, Object(Config\Cache), false)
 9 FCPATH\index.php(67): CodeIgniter\CodeIgniter->run()
CRITICAL - 2023-08-12 15:33:21 --> Undefined variable $teste
in APPPATH\Views\aula01.php on line 86.
 1 APPPATH\Views\aula01.php(86): CodeIgniter\Debug\Exceptions->errorHandler(2, 'Undefined variable $teste', 'C:\\xampp\\htdocs\\Mariana\\CI\\app\\Views\\aula01.php', 86)
 2 SYSTEMPATH\View\View.php(224): include('C:\\xampp\\htdocs\\Mariana\\CI\\app\\Views\\aula01.php')
 3 SYSTEMPATH\View\View.php(227): CodeIgniter\View\View->CodeIgniter\View\{closure}()
 4 SYSTEMPATH\Common.php(1176): CodeIgniter\View\View->render('aula01', [...], true)
 5 APPPATH\Controllers\Home.php(24): view('aula01', [...], [...])
 6 SYSTEMPATH\CodeIgniter.php(932): App\Controllers\Home->aula01()
 7 SYSTEMPATH\CodeIgniter.php(497): CodeIgniter\CodeIgniter->runController(Object(App\Controllers\Home))
 8 SYSTEMPATH\CodeIgniter.php(366): CodeIgniter\CodeIgniter->handleRequest(null, Object(Config\Cache), false)
 9 FCPATH\index.php(67): CodeIgniter\CodeIgniter->run()
CRITICAL - 2023-08-12 15:34:10 --> Undefined variable $teste
in APPPATH\Views\aula01.php on line 86.
 1 APPPATH\Views\aula01.php(86): CodeIgniter\Debug\Exceptions->errorHandler(2, 'Undefined variable $teste', 'C:\\xampp\\htdocs\\Mariana\\CI\\app\\Views\\aula01.php', 86)
 2 SYSTEMPATH\View\View.php(224): include('C:\\xampp\\htdocs\\Mariana\\CI\\app\\Views\\aula01.php')
 3 SYSTEMPATH\View\View.php(227): CodeIgniter\View\View->CodeIgniter\View\{closure}()
 4 SYSTEMPATH\Common.php(1176): CodeIgniter\View\View->render('aula01', [], true)
 5 APPPATH\Controllers\Home.php(23): view('aula01', [...])
 6 SYSTEMPATH\CodeIgniter.php(932): App\Controllers\Home->aula01()
 7 SYSTEMPATH\CodeIgniter.php(497): CodeIgniter\CodeIgniter->runController(Object(App\Controllers\Home))
 8 SYSTEMPATH\CodeIgniter.php(366): CodeIgniter\CodeIgniter->handleRequest(null, Object(Config\Cache), false)
 9 FCPATH\index.php(67): CodeIgniter\CodeIgniter->run()
CRITICAL - 2023-08-12 15:34:36 --> Undefined variable $teste
in APPPATH\Views\aula01.php on line 86.
 1 APPPATH\Views\aula01.php(86): CodeIgniter\Debug\Exceptions->errorHandler(2, 'Undefined variable $teste', 'C:\\xampp\\htdocs\\Mariana\\CI\\app\\Views\\aula01.php', 86)
 2 SYSTEMPATH\View\View.php(224): include('C:\\xampp\\htdocs\\Mariana\\CI\\app\\Views\\aula01.php')
 3 SYSTEMPATH\View\View.php(227): CodeIgniter\View\View->CodeIgniter\View\{closure}()
 4 SYSTEMPATH\Common.php(1176): CodeIgniter\View\View->render('aula01', [], true)
 5 APPPATH\Controllers\Home.php(23): view('aula01', [...])
 6 SYSTEMPATH\CodeIgniter.php(932): App\Controllers\Home->aula01()
 7 SYSTEMPATH\CodeIgniter.php(497): CodeIgniter\CodeIgniter->runController(Object(App\Controllers\Home))
 8 SYSTEMPATH\CodeIgniter.php(366): CodeIgniter\CodeIgniter->handleRequest(null, Object(Config\Cache), false)
 9 FCPATH\index.php(67): CodeIgniter\CodeIgniter->run()
CRITICAL - 2023-08-12 15:35:22 --> Array to string conversion
in APPPATH\Views\aula01.php on line 86.
 1 APPPATH\Views\aula01.php(86): CodeIgniter\Debug\Exceptions->errorHandler(2, 'Array to string conversion', 'C:\\xampp\\htdocs\\Mariana\\CI\\app\\Views\\aula01.php', 86)
 2 SYSTEMPATH\View\View.php(224): include('C:\\xampp\\htdocs\\Mariana\\CI\\app\\Views\\aula01.php')
 3 SYSTEMPATH\View\View.php(227): CodeIgniter\View\View->CodeIgniter\View\{closure}()
 4 SYSTEMPATH\Common.php(1176): CodeIgniter\View\View->render('aula01', [], true)
 5 APPPATH\Controllers\Home.php(23): view('aula01', [...])
 6 SYSTEMPATH\CodeIgniter.php(932): App\Controllers\Home->aula01()
 7 SYSTEMPATH\CodeIgniter.php(497): CodeIgniter\CodeIgniter->runController(Object(App\Controllers\Home))
 8 SYSTEMPATH\CodeIgniter.php(366): CodeIgniter\CodeIgniter->handleRequest(null, Object(Config\Cache), false)
 9 FCPATH\index.php(67): CodeIgniter\CodeIgniter->run()
CRITICAL - 2023-08-12 15:39:13 --> Array to string conversion
in APPPATH\Views\aula01.php on line 91.
 1 APPPATH\Views\aula01.php(91): CodeIgniter\Debug\Exceptions->errorHandler(2, 'Array to string conversion', 'C:\\xampp\\htdocs\\Mariana\\CI\\app\\Views\\aula01.php', 91)
 2 SYSTEMPATH\View\View.php(224): include('C:\\xampp\\htdocs\\Mariana\\CI\\app\\Views\\aula01.php')
 3 SYSTEMPATH\View\View.php(227): CodeIgniter\View\View->CodeIgniter\View\{closure}()
 4 SYSTEMPATH\Common.php(1176): CodeIgniter\View\View->render('aula01', [], true)
 5 APPPATH\Controllers\Home.php(23): view('aula01', [...])
 6 SYSTEMPATH\CodeIgniter.php(932): App\Controllers\Home->aula01()
 7 SYSTEMPATH\CodeIgniter.php(497): CodeIgniter\CodeIgniter->runController(Object(App\Controllers\Home))
 8 SYSTEMPATH\CodeIgniter.php(366): CodeIgniter\CodeIgniter->handleRequest(null, Object(Config\Cache), false)
 9 FCPATH\index.php(67): CodeIgniter\CodeIgniter->run()
CRITICAL - 2023-08-12 15:48:59 --> Array to string conversion
in APPPATH\Views\aula01.php on line 94.
 1 APPPATH\Views\aula01.php(94): CodeIgniter\Debug\Exceptions->errorHandler(2, 'Array to string conversion', 'C:\\xampp\\htdocs\\Mariana\\CI\\app\\Views\\aula01.php', 94)
 2 SYSTEMPATH\View\View.php(224): include('C:\\xampp\\htdocs\\Mariana\\CI\\app\\Views\\aula01.php')
 3 SYSTEMPATH\View\View.php(227): CodeIgniter\View\View->CodeIgniter\View\{closure}()
 4 SYSTEMPATH\Common.php(1176): CodeIgniter\View\View->render('aula01', [], true)
 5 APPPATH\Controllers\Home.php(23): view('aula01', [...])
 6 SYSTEMPATH\CodeIgniter.php(932): App\Controllers\Home->aula01()
 7 SYSTEMPATH\CodeIgniter.php(497): CodeIgniter\CodeIgniter->runController(Object(App\Controllers\Home))
 8 SYSTEMPATH\CodeIgniter.php(366): CodeIgniter\CodeIgniter->handleRequest(null, Object(Config\Cache), false)
 9 FCPATH\index.php(67): CodeIgniter\CodeIgniter->run()
CRITICAL - 2023-08-12 15:49:31 --> Array to string conversion
in APPPATH\Views\aula01.php on line 92.
 1 APPPATH\Views\aula01.php(92): CodeIgniter\Debug\Exceptions->errorHandler(2, 'Array to string conversion', 'C:\\xampp\\htdocs\\Mariana\\CI\\app\\Views\\aula01.php', 92)
 2 SYSTEMPATH\View\View.php(224): include('C:\\xampp\\htdocs\\Mariana\\CI\\app\\Views\\aula01.php')
 3 SYSTEMPATH\View\View.php(227): CodeIgniter\View\View->CodeIgniter\View\{closure}()
 4 SYSTEMPATH\Common.php(1176): CodeIgniter\View\View->render('aula01', [], true)
 5 APPPATH\Controllers\Home.php(23): view('aula01', [...])
 6 SYSTEMPATH\CodeIgniter.php(932): App\Controllers\Home->aula01()
 7 SYSTEMPATH\CodeIgniter.php(497): CodeIgniter\CodeIgniter->runController(Object(App\Controllers\Home))
 8 SYSTEMPATH\CodeIgniter.php(366): CodeIgniter\CodeIgniter->handleRequest(null, Object(Config\Cache), false)
 9 FCPATH\index.php(67): CodeIgniter\CodeIgniter->run()
CRITICAL - 2023-08-12 15:50:12 --> Array to string conversion
in APPPATH\Views\aula01.php on line 92.
 1 APPPATH\Views\aula01.php(92): CodeIgniter\Debug\Exceptions->errorHandler(2, 'Array to string conversion', 'C:\\xampp\\htdocs\\Mariana\\CI\\app\\Views\\aula01.php', 92)
 2 SYSTEMPATH\View\View.php(224): include('C:\\xampp\\htdocs\\Mariana\\CI\\app\\Views\\aula01.php')
 3 SYSTEMPATH\View\View.php(227): CodeIgniter\View\View->CodeIgniter\View\{closure}()
 4 SYSTEMPATH\Common.php(1176): CodeIgniter\View\View->render('aula01', [], true)
 5 APPPATH\Controllers\Home.php(23): view('aula01', [...])
 6 SYSTEMPATH\CodeIgniter.php(932): App\Controllers\Home->aula01()
 7 SYSTEMPATH\CodeIgniter.php(497): CodeIgniter\CodeIgniter->runController(Object(App\Controllers\Home))
 8 SYSTEMPATH\CodeIgniter.php(366): CodeIgniter\CodeIgniter->handleRequest(null, Object(Config\Cache), false)
 9 FCPATH\index.php(67): CodeIgniter\CodeIgniter->run()
CRITICAL - 2023-08-12 15:52:49 --> Undefined variable $data
in APPPATH\Views\aula01.php on line 92.
 1 APPPATH\Views\aula01.php(92): CodeIgniter\Debug\Exceptions->errorHandler(2, 'Undefined variable $data', 'C:\\xampp\\htdocs\\Mariana\\CI\\app\\Views\\aula01.php', 92)
 2 SYSTEMPATH\View\View.php(224): include('C:\\xampp\\htdocs\\Mariana\\CI\\app\\Views\\aula01.php')
 3 SYSTEMPATH\View\View.php(227): CodeIgniter\View\View->CodeIgniter\View\{closure}()
 4 SYSTEMPATH\Common.php(1176): CodeIgniter\View\View->render('aula01', [], true)
 5 APPPATH\Controllers\Home.php(23): view('aula01', [...])
 6 SYSTEMPATH\CodeIgniter.php(932): App\Controllers\Home->aula01()
 7 SYSTEMPATH\CodeIgniter.php(497): CodeIgniter\CodeIgniter->runController(Object(App\Controllers\Home))
 8 SYSTEMPATH\CodeIgniter.php(366): CodeIgniter\CodeIgniter->handleRequest(null, Object(Config\Cache), false)
 9 FCPATH\index.php(67): CodeIgniter\CodeIgniter->run()
CRITICAL - 2023-08-12 15:53:33 --> Undefined variable $data
in APPPATH\Views\aula01.php on line 92.
 1 APPPATH\Views\aula01.php(92): CodeIgniter\Debug\Exceptions->errorHandler(2, 'Undefined variable $data', 'C:\\xampp\\htdocs\\Mariana\\CI\\app\\Views\\aula01.php', 92)
 2 SYSTEMPATH\View\View.php(224): include('C:\\xampp\\htdocs\\Mariana\\CI\\app\\Views\\aula01.php')
 3 SYSTEMPATH\View\View.php(227): CodeIgniter\View\View->CodeIgniter\View\{closure}()
 4 SYSTEMPATH\Common.php(1176): CodeIgniter\View\View->render('aula01', [], true)
 5 APPPATH\Controllers\Home.php(23): view('aula01', [...])
 6 SYSTEMPATH\CodeIgniter.php(932): App\Controllers\Home->aula01()
 7 SYSTEMPATH\CodeIgniter.php(497): CodeIgniter\CodeIgniter->runController(Object(App\Controllers\Home))
 8 SYSTEMPATH\CodeIgniter.php(366): CodeIgniter\CodeIgniter->handleRequest(null, Object(Config\Cache), false)
 9 FCPATH\index.php(67): CodeIgniter\CodeIgniter->run()
CRITICAL - 2023-08-12 16:17:52 --> Call to undefined function validation_list_errors()
in APPPATH\Views\aula01.php on line 86.
 1 SYSTEMPATH\View\View.php(224): include()
 2 SYSTEMPATH\View\View.php(227): CodeIgniter\View\View->CodeIgniter\View\{closure}()
 3 SYSTEMPATH\Common.php(1176): CodeIgniter\View\View->render('aula01', [], true)
 4 APPPATH\Controllers\Home.php(23): view('aula01', [...])
 5 SYSTEMPATH\CodeIgniter.php(932): App\Controllers\Home->aula01()
 6 SYSTEMPATH\CodeIgniter.php(497): CodeIgniter\CodeIgniter->runController(Object(App\Controllers\Home))
 7 SYSTEMPATH\CodeIgniter.php(366): CodeIgniter\CodeIgniter->handleRequest(null, Object(Config\Cache), false)
 8 FCPATH\index.php(67): CodeIgniter\CodeIgniter->run()
